2025-12-23 09:30:21:3021 [31merror[39m: [31m[POST] /api/auth/sign-up 400 - 38ms[39m
2025-12-23 09:32:07:327 [31merror[39m: [31m[POST] /api/auth/sign-up 400 - 13ms[39m
2025-12-23 09:32:42:3242 [31merror[39m: [31m[POST] /api/auth/sign-up 400 - 55ms[39m
2025-12-23 09:33:52:3352 [31merror[39m: [31m[POST] /api/auth/sign-up 400 - 58ms[39m
2025-12-23 09:34:33:3433 [31merror[39m: [31m[POST] /api/auth/sign-up 400 - 52ms[39m
2025-12-23 09:37:18:3718 [31merror[39m: [31m[POST] /api/auth/sign-up 400 - 45ms[39m
2025-12-23 09:38:00:380 [31merror[39m: [31m[POST] /api/auth/sign-up 400 - 34ms[39m
2025-12-23 09:38:03:383 [31merror[39m: [31m[POST] /api/auth/sign-up 400 - 26ms[39m
2025-12-23 09:38:13:3813 [31merror[39m: [31m[POST] /api/auth/sign-up 400 - 35ms[39m
2025-12-23 09:38:53:3853 [31merror[39m: [31m[POST] /api/auth/sign-up 400 - 62ms[39m
2025-12-23 09:40:18:4018 [31merror[39m: [31m[POST] /api/auth/sign-up 400 - 118ms[39m
2025-12-23 09:40:52:4052 [31merror[39m: [31m[POST] /api/auth/sign-up 400 - 44ms[39m
2025-12-23 09:42:57:4257 [31merror[39m: [31m[POST] /api/auth/sign-up 400 - 33ms[39m
2025-12-23 09:43:44:4344 [31merror[39m: [31m[POST] /api/auth/sign-up 400 - 51ms[39m
2025-12-23 09:44:23:4423 [31merror[39m: [31m[POST] /api/auth/sign-up 400 - 26ms[39m
2025-12-23 09:45:25:4525 [31merror[39m: [31m[POST] /api/auth/sign-up 400 - 34ms[39m
2025-12-23 09:53:35:5335 [31merror[39m: [31m[POST] /api/auth/sign-up 400 - 57ms[39m
2025-12-23 09:57:52:5752 [31merror[39m: [31m[POST] /api/auth/sign-up 400 - 18ms[39m
2025-12-23 09:59:51:5951 [31merror[39m: [31m[POST] /api/auth/sign-up 400 - 108ms[39m
2025-12-23 10:00:14:014 [31merror[39m: [31m[POST] /api/auth/sign-up 400 - 47ms[39m
2025-12-23 10:01:08:18 [31merror[39m: [31m[POST] /api/auth/sign-up 400 - 31ms[39m
2025-12-23 10:01:21:121 [31merror[39m: [31m[POST] /api/auth/sign-up 400 - 48ms[39m
2025-12-23 10:02:01:21 [31merror[39m: [31m[POST] /api/auth/sign-up 400 - 514ms[39m
2025-12-23 10:05:03:53 [31merror[39m: [31m[POST] /api/auth/sign-up 500 - 4037ms[39m
2025-12-23 10:08:38:838 [31merror[39m: [31m[POST] /api/auth/sign-up 500 - 2759ms[39m
2025-12-23 10:09:15:915 [31merror[39m: [31m[POST] /api/auth/sign-up 500 - 2379ms[39m
2025-12-23 10:10:27:1027 [31merror[39m: [31m[POST] /api/auth/sign-up 500 - 2715ms[39m
2025-12-23 10:13:56:1356 [31merror[39m: [31m[POST] /api/auth/sign-up 500 - 2637ms[39m
2025-12-23 10:18:26:1826 [31merror[39m: [31m[POST] /api/auth/sign-up 400 - 2821ms[39m
2025-12-23 10:19:05:195 [31merror[39m: [31m[POST] /api/auth/sign-up 400 - 3324ms[39m
2025-12-23 10:19:48:1948 [31merror[39m: [31m[POST] /api/auth/sign-up 400 - 13859ms[39m
2025-12-23 10:22:13:2213 [31merror[39m: [31m[POST] /api/auth/sign-up 400 - 2720ms[39m
2025-12-23 10:22:51:2251 [31merror[39m: [31m[POST] /api/auth/sign-up 400 - 697ms[39m
2025-12-23 10:24:28:2428 [31merror[39m: [31m[POST] /api/auth/sign-up 500 - 2877ms[39m
2025-12-23 10:25:13:2513 [31merror[39m: [31m[POST] /api/auth/sign-up 400 - 1916ms[39m
2025-12-23 10:25:19:2519 [31merror[39m: [31m[POST] /api/auth/sign-up 400 - 415ms[39m
2025-12-23 10:25:41:2541 [31merror[39m: [31m[POST] /api/auth/sign-up 400 - 192ms[39m
2025-12-23 10:26:13:2613 [31merror[39m: [31m[POST] /api/auth/sign-out 401 - 46ms[39m
2025-12-23 10:27:00:270 [31merror[39m: [31m[POST] /api/auth/sign-in/email 404 - 5ms[39m
2025-12-23 10:27:40:2740 [31merror[39m: [31m[POST] /api/auth/sign-out 401 - 1ms[39m
2025-12-23 10:28:14:2814 [31merror[39m: [31m[GET] /api/auth/me 401 - 2ms[39m
2025-12-23 10:29:22:2922 [31merror[39m: [31m[GET] /api/auth/me 401 - 1ms[39m
2025-12-23 10:30:16:3016 [31merror[39m: [31m[GET] /api/auth/me 401 - 251ms[39m
2025-12-23 10:30:50:3050 [31merror[39m: [31m[GET] /api/auth/me 401 - 216ms[39m
2025-12-23 10:31:30:3130 [31merror[39m: [31m[GET] /api/auth/me 401 - 671ms[39m
2025-12-23 10:33:01:331 [31merror[39m: [31m[GET] /api/auth/me 401 - 383ms[39m
2025-12-23 10:39:53:3953 [31merror[39m: [31m[POST] /api/auth/sign-out 401 - 34ms[39m
2025-12-23 10:41:07:417 [31merror[39m: [31m[GET] /api/auth/me 401 - 468ms[39m
2025-12-23 10:41:29:4129 [31merror[39m: [31m[POST] /api/auth/sign-out 401 - 98ms[39m
2025-12-23 10:41:33:4133 [31merror[39m: [31m[GET] /api/auth/me 401 - 85ms[39m
2025-12-23 10:44:16:4416 [31merror[39m: [31m[GET] /api/auth/me 401 - 33ms[39m
2025-12-23 10:45:25:4525 [31merror[39m: [31m[GET] /api/auth/me 401 - 5ms[39m
2025-12-23 10:45:42:4542 [31merror[39m: [31m[GET] /api/auth/me 401 - 7ms[39m
2025-12-23 12:42:32:4232 [31merror[39m: [31m[POST] /api/instructor-profile 401 - 88ms[39m
2025-12-23 12:52:24:5224 [31merror[39m: [31m[POST] /api/instructor-profile 403 - 69ms[39m
2025-12-23 12:53:00:530 [31merror[39m: [31m[POST] /api/instructor-profile 403 - 94ms[39m
2025-12-23 12:53:08:538 [31merror[39m: [31m[POST] /api/instructor-profile 403 - 41ms[39m
2025-12-23 12:53:40:5340 [31merror[39m: [31m[POST] /api/instructor-profile 403 - 2ms[39m
2025-12-23 12:53:48:5348 [31merror[39m: [31m[POST] /api/instructor-profile 403 - 120ms[39m
2025-12-23 12:56:04:564 [31merror[39m: [31m[POST] /api/instructor-profile 400 - 92ms[39m
2025-12-23 12:58:15:5815 [31merror[39m: [31m[POST] /api/instructor-profile 500 - 2559ms[39m
2025-12-23 13:02:20:220 [31merror[39m: [31m[POST] /api/instructor-profile 400 - 444ms[39m
2025-12-23 13:02:43:243 [31merror[39m: [31m[POST] /api/instructor-profile 400 - 69ms[39m
2025-12-23 13:03:10:310 [31merror[39m: [31m[POST] /api/instructor-profile 400 - 74ms[39m
2025-12-23 13:03:25:325 [31merror[39m: [31m[POST] /api/instructor-profile 400 - 62ms[39m
2025-12-23 13:03:57:357 [31merror[39m: [31m[POST] /api/instructor-profile 400 - 138ms[39m
2025-12-23 13:04:03:43 [31merror[39m: [31m[POST] /api/instructor-profile 400 - 38ms[39m
2025-12-23 13:06:01:61 [31merror[39m: [31m[POST] /api/instructor-profile 400 - 163ms[39m
2025-12-23 13:09:27:927 [31merror[39m: [31m[POST] /api/instructor-profile 400 - 47ms[39m
2025-12-23 13:12:20:1220 [31merror[39m: [31m[GET] /api/instructor-profile 404 - 217ms[39m
2025-12-23 13:12:41:1241 [31merror[39m: [31m[GET] /api/instructor-profile 404 - 2909ms[39m
2025-12-23 13:13:04:134 [31merror[39m: [31m[GET] /api/instructor-profile 404 - 299ms[39m
2025-12-23 22:12:29:1229 [31merror[39m: [31m[POST] /api/courses 401 - 38ms[39m
2025-12-23 22:13:22:1322 [31merror[39m: [31m[POST] /api/courses 401 - 21ms[39m
2025-12-23 22:14:09:149 [31merror[39m: [31m[GET] /api/auth/me 401 - 3ms[39m
2025-12-23 22:14:14:1414 [31merror[39m: [31m[GET] /api/auth/me 401 - 1ms[39m
2025-12-23 22:15:59:1559 [31merror[39m: [31m[GET] /api/auth/me 401 - 41ms[39m
2025-12-23 22:16:00:160 [31merror[39m: [31m[GET] /api/auth/me 401 - 1ms[39m
2025-12-23 22:16:16:1616 [31merror[39m: [31m[POST] /api/auth/sign-out 401 - 1ms[39m
2025-12-23 22:16:18:1618 [31merror[39m: [31m[POST] /api/auth/sign-out 401 - 2ms[39m
2025-12-23 22:16:53:1653 [31merror[39m: [31m[POST] /api/auth/sign-out 401 - 54ms[39m
2025-12-23 22:16:59:1659 [31merror[39m: [31m[GET] /api/auth/me 401 - 6ms[39m
2025-12-23 22:19:06:196 [31merror[39m: [31m[GET] /api/auth/me 401 - 5ms[39m
2025-12-23 22:19:28:1928 [31merror[39m: [31m[GET] /api/auth/me 401 - 110ms[39m
2025-12-23 22:19:37:1937 [31merror[39m: [31m[GET] /api/auth/me 401 - 5ms[39m
2025-12-23 22:19:41:1941 [31merror[39m: [31m[GET] /api/auth/me 401 - 12ms[39m
2025-12-23 22:19:43:1943 [31merror[39m: [31m[GET] /api/auth/me 401 - 8ms[39m
2025-12-23 22:19:44:1944 [31merror[39m: [31m[GET] /api/auth/me 401 - 7ms[39m
2025-12-23 22:22:33:2233 [31merror[39m: [31m[GET] /api/auth/me 401 - 9ms[39m
2025-12-23 22:22:35:2235 [31merror[39m: [31m[GET] /api/auth/me 401 - 9ms[39m
2025-12-23 22:22:38:2238 [31merror[39m: [31m[POST] /api/auth/sign-out 401 - 1ms[39m
2025-12-23 22:22:46:2246 [31merror[39m: [31m[GET] /api/auth/me 401 - 2ms[39m
2025-12-23 22:22:49:2249 [31merror[39m: [31m[GET] /api/auth/me 401 - 6ms[39m
2025-12-23 22:22:55:2255 [31merror[39m: [31m[GET] /api/auth/me 401 - 64ms[39m
2025-12-23 22:23:12:2312 [31merror[39m: [31m[GET] /api/auth/me 401 - 7ms[39m
2025-12-23 22:25:28:2528 [31merror[39m: [31m[POST] /api/courses/694ad012c66aa9c2762873a1/curriculum 404 - 18ms[39m
2025-12-23 22:25:56:2556 [31merror[39m: [31m[POST] /api/courses/694ad012c66aa9c2762873a1/curriculum 400 - 239ms[39m
2025-12-23 22:27:13:2713 [31merror[39m: [31m[POST] /api/courses/694ad012c66aa9c2762873a1/curriculum 400 - 92ms[39m
2025-12-23 22:28:23:2823 [31merror[39m: [31m[POST] /api/courses/694ad012c66aa9c2762873a1/curriculum 400 - 126ms[39m
2025-12-23 22:30:03:303 [31merror[39m: [31m[POST] /api/courses/694ad012c66aa9c2762873a1/curriculum 400 - 142ms[39m
2025-12-23 22:39:46:3946 [31merror[39m: [31m[PUT] /api/courses/694ad012c66aa9c2762873a1 400 - 228ms[39m
2025-12-23 22:46:15:4615 [31merror[39m: [31m[GET] /api/courses 500 - 179ms[39m
2025-12-23 22:47:11:4711 [31merror[39m: [31m[GET] /api/courses/694ad012c66aa9c2762873a1 500 - 68ms[39m
2025-12-23 22:48:09:489 [31merror[39m: [31m[GET] /api/courses/694ad012c66aa9c2762873a1 500 - 210ms[39m
2025-12-23 22:48:12:4812 [31merror[39m: [31m[GET] /api/courses/694ad012c66aa9c2762873a1 500 - 33ms[39m
2025-12-23 22:49:13:4913 [31merror[39m: [31m[GET] /api/courses/694ad012c66aa9c2762873a1 404 - 4046ms[39m
2025-12-24 08:54:53:5453 [31merror[39m: [31m[POST] /api/users/upload 500 - 146ms[39m
2025-12-24 08:57:04:574 [31merror[39m: [31m[POST] /api/users/upload 500 - 36ms[39m
2025-12-24 08:57:35:5735 [31merror[39m: [31m[POST] /api/users/upload 500 - 119ms[39m
2025-12-24 08:58:12:5812 [31merror[39m: [31m[POST] /api/users/upload 500 - 11ms[39m
2025-12-24 09:00:22:022 [31merror[39m: [31m[POST] /api/users/upload 400 - 102ms[39m
2025-12-24 09:00:50:050 [31merror[39m: [31m[POST] /api/users/upload 400 - 47ms[39m
2025-12-24 09:05:56:556 [31merror[39m: [31m[POST] /api/users/upload 400 - 62ms[39m
2025-12-24 09:07:17:717 [31merror[39m: [31m[POST] /api/users/upload 500 - 67ms[39m
2025-12-24 09:10:39:1039 [31merror[39m: [31m[POST] /api/users/upload 500 - 1030ms[39m
2025-12-24 09:19:54:1954 [31merror[39m: [31m[POST] /api/users/upload 500 - 313ms[39m
2025-12-24 09:20:39:2039 [31merror[39m: [31m[POST] /api/users/upload 500 - 202ms[39m
2025-12-24 09:21:29:2129 [31merror[39m: [31m[POST] /api/users/upload 500 - 229ms[39m
2025-12-24 09:23:24:2324 [31merror[39m: [31m[POST] /api/users/upload 500 - 199ms[39m
2025-12-24 09:25:33:2533 [31merror[39m: [31m[POST] /api/users/upload 500 - 247ms[39m
2025-12-24 09:27:17:2717 [31merror[39m: [31m[POST] /api/users/upload 500 - 180ms[39m
2025-12-24 09:28:27:2827 [31merror[39m: [31m[POST] /api/users/upload 400 - 163ms[39m
2025-12-24 09:29:37:2937 [31merror[39m: [31m[POST] /api/users/upload 500 - 120ms[39m
2025-12-24 09:30:25:3025 [31merror[39m: [31m[POST] /api/users/upload 500 - 126ms[39m
2025-12-24 09:30:57:3057 [31merror[39m: [31m[POST] /api/users/upload 500 - 147ms[39m
2025-12-24 09:31:29:3129 [31merror[39m: [31m[POST] /api/users/upload 500 - 179ms[39m
2025-12-24 09:31:41:3141 [31merror[39m: [31m[POST] /api/users/upload 500 - 123ms[39m
2025-12-24 09:33:07:337 [31merror[39m: [31m[POST] /api/users/upload 500 - 116ms[39m
2025-12-24 09:34:09:349 [31merror[39m: [31m[POST] /api/users/upload 400 - 114ms[39m
2025-12-24 09:34:26:3426 [31merror[39m: [31m[POST] /api/users/upload 400 - 124ms[39m
2025-12-24 09:35:44:3544 [31merror[39m: [31m[POST] /api/users/upload 500 - 145ms[39m
2025-12-24 09:35:59:3559 [31merror[39m: [31m[POST] /api/users/upload 400 - 39ms[39m
2025-12-24 09:38:18:3818 [31merror[39m: [31m[POST] /api/users/upload 400 - 76ms[39m
2025-12-24 09:39:21:3921 [31merror[39m: [31m[POST] /api/users/upload 400 - 37ms[39m
2025-12-24 09:40:54:4054 [31merror[39m: [31m[POST] /api/users/upload 400 - 28ms[39m
2025-12-24 09:41:10:4110 [31merror[39m: [31m[POST] /api/users/upload 400 - 24ms[39m
2025-12-24 09:41:11:4111 [31merror[39m: [31m[POST] /api/users/upload 400 - 10ms[39m
2025-12-24 10:00:46:046 [31merror[39m: [31m[GET] /api/cloudinary/generate-signature 401 - 68ms[39m
2025-12-24 10:01:48:148 [31merror[39m: [31m[GET] /api/cloudinary/generate-signature 400 - 15ms[39m
2025-12-24 10:02:29:229 [31merror[39m: [31m[GET] /api/cloudinary/generate-signature 400 - 5ms[39m
2025-12-24 11:14:29:1429 [31merror[39m: [31m[GET] /api/courses/my-courses 400 - 42ms[39m
2025-12-24 11:17:33:1733 [31merror[39m: [31m[GET] /api/courses/my-courses 500 - 7705ms[39m
